
2015-03-18 11:45:14...installerHook: Could not find custom/install/install_hooks.php
2015-03-18 11:45:23...installerHook: Could not find custom/install/install_hooks.php
2015-03-18 11:45:33...installerHook: Could not find custom/install/install_hooks.php
2015-03-18 11:45:42...Begin System Check Process *************
2015-03-18 11:45:42...XML Parsing Support Found
2015-03-18 11:45:42...MBString Support Found
2015-03-18 11:45:42...ZIP Support Found
2015-03-18 11:45:42.../custom directory and subdirectory check passed
2015-03-18 11:45:42...cache directory and subdirectory check passed
2015-03-18 11:45:45.../module  directory and subdirectory check passed
2015-03-18 11:45:45.../upload directory check passed
2015-03-18 11:45:45.../zip check passed
2015-03-18 11:45:45...PCRE version check passed
2015-03-18 11:45:45...installerHook: Could not find custom/install/install_hooks.php
2015-03-18 11:45:45...php.ini location found. /etc/php5/apache2/php.ini
2015-03-18 11:45:45...Outputting HTML for System check
2015-03-18 11:45:45...No Errors were found *************
2015-03-18 11:45:49...installerHook: Could not find custom/install/install_hooks.php
2015-03-18 11:46:04...installerHook: Could not find custom/install/install_hooks.php
2015-03-18 11:46:21...installerHook: Could not find custom/install/install_hooks.php
2015-03-18 11:46:26...Begin System Check Process *************
2015-03-18 11:46:26...XML Parsing Support Found
2015-03-18 11:46:26...MBString Support Found
2015-03-18 11:46:26...ZIP Support Found
2015-03-18 11:46:26.../custom directory and subdirectory check passed
2015-03-18 11:46:26...cache directory and subdirectory check passed
2015-03-18 11:46:30.../module  directory and subdirectory check passed
2015-03-18 11:46:30.../upload directory check passed
2015-03-18 11:46:30.../zip check passed
2015-03-18 11:46:30...PCRE version check passed
2015-03-18 11:46:30...installerHook: Could not find custom/install/install_hooks.php
2015-03-18 11:46:30...php.ini location found. /etc/php5/apache2/php.ini
2015-03-18 11:46:30...Outputting HTML for System check
2015-03-18 11:46:30...No Errors were found *************
2015-03-18 11:46:33...installerHook: Could not find custom/install/install_hooks.php
2015-03-18 11:46:59...installerHook: Could not find custom/install/install_hooks.php
2015-03-18 11:47:03...installerHook: Could not find custom/install/install_hooks.php
2015-03-18 11:47:45...Begin DB Check Process *************
2015-03-18 11:47:45...testing with mysql:mysqli
2015-03-18 11:47:45...Basic form info is valid, continuing Process.
2015-03-18 11:47:45...Testing user account...
2015-03-18 11:47:45...Connection made using  host: localhost, usr: root
2015-03-18 11:47:45...Testing priviliged account...
2015-03-18 11:47:45...Connection made using  host: localhost, usr: root
2015-03-18 11:47:45...DB not selected, will create suitecrm
2015-03-18 11:47:45...Passed DB install check
2015-03-18 11:47:45...SUCCESS:: no errors detected!
2015-03-18 11:47:45...End DB Check Process *************
2015-03-18 11:47:46...installerHook: Could not find custom/install/install_hooks.php
2015-03-18 11:47:54...installerHook: Could not find custom/install/install_hooks.php
2015-03-18 11:48:13...installerHook: Could not find custom/install/install_hooks.php
2015-03-18 11:48:13...calling handleSugarConfig()
2015-03-18 11:48:13...calling handleHtaccess()
2015-03-18 11:48:13...calling handleDbCreateDatabase()
2015-03-18 11:48:14...looping through all the Beans and create their tables
2015-03-18 11:48:14...processing table acl_actions
2015-03-18 11:48:14...creating table acl_actions
2015-03-18 11:48:14...creating Relationship Meta for ACLAction
2015-03-18 11:48:14...processing table acl_roles
2015-03-18 11:48:14...creating table acl_roles
2015-03-18 11:48:14...creating Relationship Meta for ACLRole
2015-03-18 11:48:14...processing table relationships
2015-03-18 11:48:14...creating table relationships
2015-03-18 11:48:14...creating Relationship Meta for Relationship
2015-03-18 11:48:14...processing table leads
2015-03-18 11:48:15...creating table leads
2015-03-18 11:48:15...creating Relationship Meta for Lead
2015-03-18 11:48:15...processing table cases
2015-03-18 11:48:15...creating table cases
2015-03-18 11:48:15...creating Relationship Meta for Case
2015-03-18 11:48:15...processing table bugs
2015-03-18 11:48:15...creating table bugs
2015-03-18 11:48:15...creating Relationship Meta for Bug
2015-03-18 11:48:15...processing table users
2015-03-18 11:48:15...creating table users
2015-03-18 11:48:15...creating Relationship Meta for User
2015-03-18 11:48:15...processing table campaign_log
2015-03-18 11:48:15...creating table campaign_log
2015-03-18 11:48:15...creating Relationship Meta for CampaignLog
2015-03-18 11:48:15...processing table project
2015-03-18 11:48:15...creating table project
2015-03-18 11:48:15...creating Relationship Meta for Project
2015-03-18 11:48:16...processing table project_task
2015-03-18 11:48:16...creating table project_task
2015-03-18 11:48:16...creating Relationship Meta for ProjectTask
2015-03-18 11:48:16...processing table campaigns
2015-03-18 11:48:16...creating table campaigns
2015-03-18 11:48:16...creating Relationship Meta for Campaign
2015-03-18 11:48:16...processing table prospect_lists
2015-03-18 11:48:16...creating table prospect_lists
2015-03-18 11:48:16...creating Relationship Meta for ProspectList
2015-03-18 11:48:16...processing table prospects
2015-03-18 11:48:16...creating table prospects
2015-03-18 11:48:16...creating Relationship Meta for Prospect
2015-03-18 11:48:16...processing table email_marketing
2015-03-18 11:48:16...creating table email_marketing
2015-03-18 11:48:16...creating Relationship Meta for EmailMarketing
2015-03-18 11:48:16...processing table campaign_trkrs
2015-03-18 11:48:16...creating table campaign_trkrs
2015-03-18 11:48:16...creating Relationship Meta for CampaignTracker
2015-03-18 11:48:16...processing table releases
2015-03-18 11:48:16...creating table releases
2015-03-18 11:48:16...creating Relationship Meta for Release
2015-03-18 11:48:16...processing table emailman
2015-03-18 11:48:16...creating table emailman
2015-03-18 11:48:16...creating Relationship Meta for EmailMan
2015-03-18 11:48:16...processing table schedulers
2015-03-18 11:48:16...creating table schedulers
2015-03-18 11:48:16...creating Relationship Meta for Scheduler
2015-03-18 11:48:16...processing table job_queue
2015-03-18 11:48:16...creating table job_queue
2015-03-18 11:48:16...creating Relationship Meta for SchedulersJob
2015-03-18 11:48:17...processing table contacts
2015-03-18 11:48:17...creating table contacts
2015-03-18 11:48:17...creating Relationship Meta for Contact
2015-03-18 11:48:17...processing table accounts
2015-03-18 11:48:17...creating table accounts
2015-03-18 11:48:17...creating Relationship Meta for Account
2015-03-18 11:48:17...processing table opportunities
2015-03-18 11:48:17...creating table opportunities
2015-03-18 11:48:17...creating Relationship Meta for Opportunity
2015-03-18 11:48:17...processing table email_templates
2015-03-18 11:48:17...creating table email_templates
2015-03-18 11:48:17...creating Relationship Meta for EmailTemplate
2015-03-18 11:48:17...processing table notes
2015-03-18 11:48:17...creating table notes
2015-03-18 11:48:17...creating Relationship Meta for Note
2015-03-18 11:48:17...processing table calls
2015-03-18 11:48:18...creating table calls
2015-03-18 11:48:18...creating Relationship Meta for Call
2015-03-18 11:48:18...processing table emails
2015-03-18 11:48:18...creating table emails
2015-03-18 11:48:18...creating Relationship Meta for Email
2015-03-18 11:48:18...processing table meetings
2015-03-18 11:48:18...creating table meetings
2015-03-18 11:48:18...creating Relationship Meta for Meeting
2015-03-18 11:48:18...processing table tasks
2015-03-18 11:48:18...creating table tasks
2015-03-18 11:48:18...creating Relationship Meta for Task
2015-03-18 11:48:18...processing table users
2015-03-18 11:48:18...processing table users
2015-03-18 11:48:18...processing table currencies
2015-03-18 11:48:18...creating table currencies
2015-03-18 11:48:18...creating Relationship Meta for Currency
2015-03-18 11:48:18...processing table tracker
2015-03-18 11:48:18...creating table tracker
2015-03-18 11:48:18...creating Relationship Meta for Tracker
2015-03-18 11:48:18...processing table import_maps
2015-03-18 11:48:18...creating table import_maps
2015-03-18 11:48:18...creating Relationship Meta for ImportMap
2015-03-18 11:48:18...processing table users_last_import
2015-03-18 11:48:18...creating table users_last_import
2015-03-18 11:48:18...creating Relationship Meta for UsersLastImport
2015-03-18 11:48:18...processing table config
2015-03-18 11:48:18...creating table config
2015-03-18 11:48:18...creating Relationship Meta for Administration
2015-03-18 11:48:18...processing table upgrade_history
2015-03-18 11:48:18...creating table upgrade_history
2015-03-18 11:48:18...creating Relationship Meta for UpgradeHistory
2015-03-18 11:48:18...processing table vcals
2015-03-18 11:48:18...creating table vcals
2015-03-18 11:48:18...creating Relationship Meta for vCal
2015-03-18 11:48:18...processing table versions
2015-03-18 11:48:18...creating table versions
2015-03-18 11:48:18...creating Relationship Meta for Version
2015-03-18 11:48:18...processing table roles
2015-03-18 11:48:18...creating table roles
2015-03-18 11:48:18...creating Relationship Meta for Role
2015-03-18 11:48:18...processing table documents
2015-03-18 11:48:19...creating table documents
2015-03-18 11:48:19...creating Relationship Meta for Document
2015-03-18 11:48:19...processing table document_revisions
2015-03-18 11:48:19...creating table document_revisions
2015-03-18 11:48:19...creating Relationship Meta for DocumentRevision
2015-03-18 11:48:19...processing table fields_meta_data
2015-03-18 11:48:19...creating table fields_meta_data
2015-03-18 11:48:19...creating Relationship Meta for FieldsMetaData
2015-03-18 11:48:19...processing table inbound_email
2015-03-18 11:48:19...creating table inbound_email
2015-03-18 11:48:19...creating Relationship Meta for InboundEmail
2015-03-18 11:48:19...processing table saved_search
2015-03-18 11:48:19...creating table saved_search
2015-03-18 11:48:19...creating Relationship Meta for SavedSearch
2015-03-18 11:48:19...processing table user_preferences
2015-03-18 11:48:19...creating table user_preferences
2015-03-18 11:48:19...creating Relationship Meta for UserPreference
2015-03-18 11:48:19...processing table 
2015-03-18 11:48:19...processing table email_addresses
2015-03-18 11:48:19...creating table email_addresses
2015-03-18 11:48:19...creating Relationship Meta for EmailAddress
2015-03-18 11:48:19...processing table emails_text
2015-03-18 11:48:19...creating table emails_text
2015-03-18 11:48:19...creating Relationship Meta for EmailText
2015-03-18 11:48:19...processing table sugarfeed
2015-03-18 11:48:19...creating table sugarfeed
2015-03-18 11:48:19...creating Relationship Meta for SugarFeed
2015-03-18 11:48:19...processing table eapm
2015-03-18 11:48:19...creating table eapm
2015-03-18 11:48:19...creating Relationship Meta for EAPM
2015-03-18 11:48:19...processing table oauth_consumer
2015-03-18 11:48:19...creating table oauth_consumer
2015-03-18 11:48:19...creating Relationship Meta for OAuthKey
2015-03-18 11:48:19...processing table oauth_tokens
2015-03-18 11:48:19...creating table oauth_tokens
2015-03-18 11:48:19...creating Relationship Meta for OAuthToken
2015-03-18 11:48:19...processing table aow_actions
2015-03-18 11:48:19...creating table aow_actions
2015-03-18 11:48:19...creating Relationship Meta for AOW_Action
2015-03-18 11:48:19...processing table aow_workflow
2015-03-18 11:48:19...creating table aow_workflow
2015-03-18 11:48:19...creating Relationship Meta for AOW_WorkFlow
2015-03-18 11:48:19...processing table aow_processed
2015-03-18 11:48:20...creating table aow_processed
2015-03-18 11:48:20...creating Relationship Meta for AOW_Processed
2015-03-18 11:48:20...processing table aow_conditions
2015-03-18 11:48:20...creating table aow_conditions
2015-03-18 11:48:20...creating Relationship Meta for AOW_Condition
2015-03-18 11:48:20...processing table calls_reschedule
2015-03-18 11:48:20...creating table calls_reschedule
2015-03-18 11:48:20...creating Relationship Meta for Calls_Reschedule
2015-03-18 11:48:20...processing table aos_contracts
2015-03-18 11:48:20...creating table aos_contracts
2015-03-18 11:48:20...creating Relationship Meta for AOS_Contracts
2015-03-18 11:48:20...processing table aos_invoices
2015-03-18 11:48:20...creating table aos_invoices
2015-03-18 11:48:20...creating Relationship Meta for AOS_Invoices
2015-03-18 11:48:20...processing table aos_pdf_templates
2015-03-18 11:48:20...creating table aos_pdf_templates
2015-03-18 11:48:20...creating Relationship Meta for AOS_PDF_Templates
2015-03-18 11:48:20...processing table aos_product_categories
2015-03-18 11:48:20...creating table aos_product_categories
2015-03-18 11:48:20...creating Relationship Meta for AOS_Product_Categories
2015-03-18 11:48:20...processing table aos_products
2015-03-18 11:48:21...creating table aos_products
2015-03-18 11:48:21...creating Relationship Meta for AOS_Products
2015-03-18 11:48:21...processing table aos_products_quotes
2015-03-18 11:48:21...creating table aos_products_quotes
2015-03-18 11:48:21...creating Relationship Meta for AOS_Products_Quotes
2015-03-18 11:48:21...processing table aos_line_item_groups
2015-03-18 11:48:21...creating table aos_line_item_groups
2015-03-18 11:48:21...creating Relationship Meta for AOS_Line_Item_Groups
2015-03-18 11:48:21...processing table aos_quotes
2015-03-18 11:48:21...creating table aos_quotes
2015-03-18 11:48:21...creating Relationship Meta for AOS_Quotes
2015-03-18 11:48:21...processing table aor_reports
2015-03-18 11:48:21...creating table aor_reports
2015-03-18 11:48:21...creating Relationship Meta for AOR_Report
2015-03-18 11:48:21...processing table aor_fields
2015-03-18 11:48:21...creating table aor_fields
2015-03-18 11:48:21...creating Relationship Meta for AOR_Field
2015-03-18 11:48:21...processing table aor_charts
2015-03-18 11:48:21...creating table aor_charts
2015-03-18 11:48:21...creating Relationship Meta for AOR_Chart
2015-03-18 11:48:21...processing table aor_conditions
2015-03-18 11:48:21...creating table aor_conditions
2015-03-18 11:48:21...creating Relationship Meta for AOR_Condition
2015-03-18 11:48:21...processing table aor_scheduled_reports
2015-03-18 11:48:22...creating table aor_scheduled_reports
2015-03-18 11:48:22...creating Relationship Meta for AOR_Scheduled_Reports
2015-03-18 11:48:22...processing table securitygroups
2015-03-18 11:48:22...creating table securitygroups
2015-03-18 11:48:22...creating Relationship Meta for SecurityGroup
2015-03-18 11:48:22...processing table am_projecttemplates
2015-03-18 11:48:22...creating table am_projecttemplates
2015-03-18 11:48:22...creating Relationship Meta for AM_ProjectTemplates
2015-03-18 11:48:22...processing table am_tasktemplates
2015-03-18 11:48:22...creating table am_tasktemplates
2015-03-18 11:48:22...creating Relationship Meta for AM_TaskTemplates
2015-03-18 11:48:22...processing table am_projectholidays
2015-03-18 11:48:22...creating table am_projectholidays
2015-03-18 11:48:22...creating Relationship Meta for AM_ProjectHolidays
2015-03-18 11:48:23...processing table aod_indexevent
2015-03-18 11:48:23...creating table aod_indexevent
2015-03-18 11:48:23...creating Relationship Meta for AOD_IndexEvent
2015-03-18 11:48:23...processing table aod_index
2015-03-18 11:48:23...creating table aod_index
2015-03-18 11:48:23...creating Relationship Meta for AOD_Index
2015-03-18 11:48:23...processing table fp_events
2015-03-18 11:48:23...creating table fp_events
2015-03-18 11:48:23...creating Relationship Meta for FP_events
2015-03-18 11:48:23...processing table fp_event_locations
2015-03-18 11:48:23...creating table fp_event_locations
2015-03-18 11:48:23...creating Relationship Meta for FP_Event_Locations
2015-03-18 11:48:23...processing table aop_case_events
2015-03-18 11:48:23...creating table aop_case_events
2015-03-18 11:48:23...creating Relationship Meta for AOP_Case_Events
2015-03-18 11:48:24...processing table aop_case_updates
2015-03-18 11:48:24...creating table aop_case_updates
2015-03-18 11:48:24...creating Relationship Meta for AOP_Case_Updates
2015-03-18 11:48:24...processing table jjwg_maps
2015-03-18 11:48:24...creating table jjwg_maps
2015-03-18 11:48:24...creating Relationship Meta for jjwg_Maps
2015-03-18 11:48:24...processing table jjwg_markers
2015-03-18 11:48:24...creating table jjwg_markers
2015-03-18 11:48:24...creating Relationship Meta for jjwg_Markers
2015-03-18 11:48:24...processing table jjwg_areas
2015-03-18 11:48:24...creating table jjwg_areas
2015-03-18 11:48:24...creating Relationship Meta for jjwg_Areas
2015-03-18 11:48:24...processing table jjwg_address_cache
2015-03-18 11:48:24...creating table jjwg_address_cache
2015-03-18 11:48:24...creating Relationship Meta for jjwg_Address_Cache
2015-03-18 11:48:25...Begin creating Defaults
2015-03-18 11:48:25...insert defaults into config table
2015-03-18 11:48:25...Creating default users
2015-03-18 11:48:25...Creating default scheduler jobs
2015-03-18 11:48:25...Enable SugarFeeds
2015-03-18 11:48:25...Installation has completed *********
2015-03-18 11:48:39...populating the db with seed data
2015-03-18 11:49:38...installerHook: Could not find custom/install/install_hooks.php